
2022-08-23 16:07:03.333760: TESTER: :
a
aa
aaa
aaaa
aaaaa
2022-08-23 16:07:07.338209: TESTER: :
aaaaaa
aaaaaaa
aaaaaaaa
aaaaaaaaa
aaaaaaaaaa
2022-08-23 16:07:11.339363: TESTER: :
aaaaaaaaaaa
aaaaaaaaaaaa
aaaaaaaaaaaaa
aaaaaaaaaaaaaa
aaaaaaaaaaaaaaa
2022-08-23 16:07:15.343612: TESTER: :
aaaaaaaaaaaaaaaa
aaaaaaaaaaaaaaaaa
b
bb
bbb
2022-08-23 16:07:19.348165: TESTER: :
bbbb
bbbbb
bbbbbb
bbbbbbb
bbbbbbbb
2022-08-23 16:07:23.352670: TESTER: :
bbbbbbbbb
bbbbbbbbbb
bbbbbbbbbbb
bbbbbbbbbbbb
bbbbbbbbbbbbb
2022-08-23 16:07:27.357153: TESTER: :
bbbbbbbbbbbbbb
bbbbbbbbbbbbbbb
bbbbbbbbbbbbbbbb
bbbbbbbbbbbbbbbbb
bbbbbbbbbbbbbbbbbb
2022-08-23 16:07:31.361611: TESTER: :
c
cc
ccc
cccc
ccccc
2022-08-23 16:07:35.367160: TESTER: :
cccccc
ccccccc
cccccccc
ccccccccc
cccccccccc
ccccccccccc
cccccccccccc
ccccccccccccc
cccccccccccccc
ccccccccccccccc
cccccccccccccccc
ccccccccccccccccc
cccccccccccccccccc
ccccccccccccccccccc
d
dd
ddd
dddd
ddddd
dddddd
ddddddd
dddddddd
ddddddddd
dddddddddd
ddddddddddd
dddddddddddd
ddddddddddddd
dddddddddddddd
ddddddddddddddd
dddddddddddddddd
ddddddddddddddddd
dddddddddddddddddd
ddddddddddddddddddd
dddddddddddddddddddd
e
ee
eee
eeee
eeeee
eeeeee
eeeeeee
eeeeeeee
eeeeeeeee
eeeeeeeeee
eeeeeeeeeee
eeeeeeeeeeee
eeeeeeeeeeeee
eeeeeeeeeeeeee
eeeeeeeeeeeeeee
eeeeeeeeeeeeeeee
eeeeeeeeeeeeeeeee
eeeeeeeeeeeeeeeeee
eeeeeeeeeeeeeeeeeee
eeeeeeeeeeeeeeeeeeee
eeeeeeeeeeeeeeeeeeeee
f
ff
fff
ffff
fffff
ffffff
fffffff
ffffffff
fffffffff
ffffffffff
fffffffffff
ffffffffffff
fffffffffffff
ffffffffffffff
fffffffffffffff
ffffffffffffffff
fffffffffffffffff
ffffffffffffffffff
fffffffffffffffffff
ffffffffffffffffffff
fffffffffffffffffffff
ffffffffffffffffffffff
g
gg
ggg
gggg
ggggg
gggggg
ggggggg
gggggggg
ggggggggg
gggggggggg
ggggggggggg
gggggggggggg
ggggggggggggg
gggggggggggggg
ggggggggggggggg
gggggggggggggggg
ggggggggggggggggg
gggggggggggggggggg
ggggggggggggggggggg
gggggggggggggggggggg
ggggggggggggggggggggg
gggggggggggggggggggggg
ggggggggggggggggggggggg